<?xml version="1.0" encoding="UTF-8"?>
<testng-results ignored="0" total="1" passed="1" failed="0" skipped="0">
  <reporter-output>
  </reporter-output>
  <suite started-at="2024-08-29T05:41:14 IST" name="Default suite" finished-at="2024-08-29T05:42:41 IST" duration-ms="86880">
    <groups>
    </groups>
    <test started-at="2024-08-29T05:41:14 IST" name="Default test" finished-at="2024-08-29T05:42:41 IST" duration-ms="86880">
      <class name="TestCase.TC_LoginTest001">
        <test-method is-config="true" signature="setUp()[pri:0, instance:TestCase.TC_LoginTest001@5965d37]" started-at="2024-08-29T05:41:14 IST" name="setUp" finished-at="2024-08-29T05:41:36 IST" duration-ms="21794" status="PASS">
          <reporter-output>
          </reporter-output>
        </test-method> <!-- setUp -->
        <test-method signature="loginTest()[pri:0, instance:TestCase.TC_LoginTest001@5965d37]" started-at="2024-08-29T05:41:36 IST" name="loginTest" finished-at="2024-08-29T05:42:41 IST" duration-ms="64940" status="PASS">
          <reporter-output>
          </reporter-output>
        </test-method> <!-- loginTest -->
        <test-method is-config="true" signature="tearDown()[pri:0, instance:TestCase.TC_LoginTest001@5965d37]" started-at="2024-08-29T05:42:41 IST" name="tearDown" finished-at="2024-08-29T05:42:41 IST" duration-ms="2" status="PASS">
          <reporter-output>
          </reporter-output>
        </test-method> <!-- tearDown -->
      </class> <!-- TestCase.TC_LoginTest001 -->
    </test> <!-- Default test -->
  </suite> <!-- Default suite -->
</testng-results>
