<?xml version="1.0" encoding="UTF-8"?>
<testng-results ignored="0" total="1" passed="1" failed="0" skipped="0">
  <reporter-output>
  </reporter-output>
  <suite started-at="2024-08-29T07:29:00 IST" name="Default suite" finished-at="2024-08-29T07:30:18 IST" duration-ms="78745">
    <groups>
    </groups>
    <test started-at="2024-08-29T07:29:00 IST" name="Default test" finished-at="2024-08-29T07:30:18 IST" duration-ms="78745">
      <class name="TestCase.TC_LoginTest001">
        <test-method is-config="true" signature="setUp()[pri:0, instance:TestCase.TC_LoginTest001@5965d37]" started-at="2024-08-29T07:29:00 IST" name="setUp" finished-at="2024-08-29T07:29:27 IST" duration-ms="27351" status="PASS">
          <reporter-output>
          </reporter-output>
        </test-method> <!-- setUp -->
        <test-method signature="loginTest()[pri:0, instance:TestCase.TC_LoginTest001@5965d37]" started-at="2024-08-29T07:29:27 IST" name="loginTest" finished-at="2024-08-29T07:30:18 IST" duration-ms="51101" status="PASS">
          <reporter-output>
          </reporter-output>
        </test-method> <!-- loginTest -->
        <test-method is-config="true" signature="tearDown()[pri:0, instance:TestCase.TC_LoginTest001@5965d37]" started-at="2024-08-29T07:30:18 IST" name="tearDown" finished-at="2024-08-29T07:30:18 IST" duration-ms="2" status="PASS">
          <reporter-output>
          </reporter-output>
        </test-method> <!-- tearDown -->
      </class> <!-- TestCase.TC_LoginTest001 -->
    </test> <!-- Default test -->
  </suite> <!-- Default suite -->
</testng-results>
